<?xml version="1.0" encoding="UTF-8"?>
<!-- Generated by org.testng.reporters.JUnitReportReporter -->
<testsuite hostname="DESKTOP-L1CFLLS" failures="0" tests="1" name="runningOrangehrm.executeTestCases" time="171.605" errors="0" timestamp="2025-08-16T11:33:09 IST" skipped="0">
  <testcase classname="runningOrangehrm.executeTestCases" name="login" time="171.605"/>
</testsuite> <!-- runningOrangehrm.executeTestCases -->
