<?xml version="1.0" encoding="UTF-8"?>
<!-- Generated by org.testng.reporters.JUnitReportReporter -->
<testsuite hostname="DESKTOP-L1CFLLS" failures="0" tests="1" name="runningOrangehrm.scrippting" time="2.272" errors="0" timestamp="2025-08-15T23:39:06 IST" skipped="0">
  <testcase classname="runningOrangehrm.scrippting" name="login" time="2.272"/>
</testsuite> <!-- runningOrangehrm.scrippting -->
