<?xml version="1.0" encoding="UTF-8"?>
<!-- Generated by org.testng.reporters.JUnitReportReporter -->
<testsuite hostname="DESKTOP-L1CFLLS" failures="0" tests="1" name="basePack.baseClass" time="0.676" errors="0" timestamp="2025-08-12T17:24:09 IST" skipped="0">
  <testcase classname="basePack.baseClass" name="f" time="0.676"/>
</testsuite> <!-- basePack.baseClass -->
