<?xml version="1.0" encoding="UTF-8"?>
<!-- Generated by org.testng.reporters.JUnitReportReporter -->
<testsuite hostname="DESKTOP-L1CFLLS" failures="0" tests="16" name="failstestcases.animalClass3" time="0.139" errors="0" timestamp="2025-09-07T23:28:35 IST" skipped="0">
  <testcase classname="failstestcases.animalClass3" name="hm1" time="0.002"/>
  <testcase classname="failstestcases.animalClass3" name="ln1" time="0.004"/>
  <testcase classname="failstestcases.animalClass3" name="jr1" time="0.002"/>
  <testcase classname="failstestcases.animalClass3" name="cr1" time="0.002"/>
  <testcase classname="failstestcases.animalClass3" name="bk1" time="0.012"/>
  <testcase classname="failstestcases.animalClass3" name="sh1" time="0.003"/>
  <testcase classname="failstestcases.animalClass3" name="to1" time="0.002"/>
  <testcase classname="failstestcases.animalClass3" name="mo1" time="0.004"/>
  <testcase classname="failstestcases.animalClass3" name="ca1" time="0.007"/>
  <testcase classname="failstestcases.animalClass3" name="be1" time="0.037"/>
  <testcase classname="failstestcases.animalClass3" name="el1" time="0.016"/>
  <testcase classname="failstestcases.animalClass3" name="ltin1" time="0.008"/>
  <testcase classname="failstestcases.animalClass3" name="dg1" time="0.021"/>
  <testcase classname="failstestcases.animalClass3" name="ch1" time="0.011"/>
  <testcase classname="failstestcases.animalClass3" name="fr1" time="0.007"/>
  <testcase classname="failstestcases.animalClass3" name="hrs" time="0.001"/>
</testsuite> <!-- failstestcases.animalClass3 -->
