<?xml version="1.0" encoding="UTF-8"?>
<!-- Generated by org.testng.reporters.JUnitReportReporter -->
<testsuite hostname="DESKTOP-L1CFLLS" failures="0" tests="12" name="priorityPack.animalsmethexorder" time="0.069" errors="0" timestamp="2025-08-01T13:25:47 IST" skipped="0">
  <testcase classname="priorityPack.animalsmethexorder" name="Duck" time="0.006"/>
  <testcase classname="priorityPack.animalsmethexorder" name="Cat" time="0.013"/>
  <testcase classname="priorityPack.animalsmethexorder" name="rat" time="0.008"/>
  <testcase classname="priorityPack.animalsmethexorder" name="run" time="0.008"/>
  <testcase classname="priorityPack.animalsmethexorder" name="crocodile" time="0.004"/>
  <testcase classname="priorityPack.animalsmethexorder" name="dog" time="0.003"/>
  <testcase classname="priorityPack.animalsmethexorder" name="Goat" time="0.004"/>
  <testcase classname="priorityPack.animalsmethexorder" name="horse" time="0.003"/>
  <testcase classname="priorityPack.animalsmethexorder" name="pig" time="0.002"/>
  <testcase classname="priorityPack.animalsmethexorder" name="Monkey" time="0.005"/>
  <testcase classname="priorityPack.animalsmethexorder" name="donkey" time="0.003"/>
  <testcase classname="priorityPack.animalsmethexorder" name="Rabbit" time="0.010"/>
</testsuite> <!-- priorityPack.animalsmethexorder -->
