<?xml version="1.0" encoding="UTF-8"?>
<!-- Generated by org.testng.reporters.JUnitReportReporter -->
<testsuite hostname="DESKTOP-L1CFLLS" failures="0" tests="16" name="skipTestCase.skipusingthrowkey" time="0.065" errors="0" timestamp="2025-08-01T22:16:36 IST" skipped="1">
  <testcase classname="skipTestCase.skipusingthrowkey" name="be1" time="0.015"/>
  <testcase classname="skipTestCase.skipusingthrowkey" name="to1" time="0.004"/>
  <testcase classname="skipTestCase.skipusingthrowkey" name="mo1" time="0.003"/>
  <testcase classname="skipTestCase.skipusingthrowkey" name="cr1" time="0.003"/>
  <testcase classname="skipTestCase.skipusingthrowkey" name="hm1" time="0.002"/>
  <testcase classname="skipTestCase.skipusingthrowkey" name="dg1" time="0.002"/>
  <testcase classname="skipTestCase.skipusingthrowkey" name="sh1" time="0.001"/>
  <testcase classname="skipTestCase.skipusingthrowkey" name="el1" time="0.005"/>
  <testcase classname="skipTestCase.skipusingthrowkey" name="jr1" time="0.002"/>
  <testcase classname="skipTestCase.skipusingthrowkey" name="ch1" time="0.003"/>
  <testcase classname="skipTestCase.skipusingthrowkey" name="ca1" time="0.007"/>
  <testcase classname="skipTestCase.skipusingthrowkey" name="fr1" time="0.002"/>
  <testcase classname="skipTestCase.skipusingthrowkey" name="ln1" time="0.002"/>
  <testcase classname="skipTestCase.skipusingthrowkey" name="bk1" time="0.007"/>
  <testcase classname="skipTestCase.skipusingthrowkey" name="hrs" time="0.003"/>
  <testcase classname="skipTestCase.skipusingthrowkey" name="ltin1" time="0.004">
    <skipped/>
  </testcase> <!-- ltin1 -->
</testsuite> <!-- skipTestCase.skipusingthrowkey -->
