<?xml version="1.0" encoding="UTF-8"?>
<!-- Generated by org.testng.reporters.JUnitReportReporter -->
<testsuite hostname="DESKTOP-L1CFLLS" failures="0" tests="1" name="readingexceldata.readingwithoutknowcout" time="0.805" errors="0" timestamp="2025-08-07T16:34:58 IST" skipped="0">
  <testcase classname="readingexceldata.readingwithoutknowcout" name="readfromexcel" time="0.805"/>
</testsuite> <!-- readingexceldata.readingwithoutknowcout -->
