<?xml version="1.0" encoding="UTF-8"?>
<!-- Generated by org.testng.reporters.JUnitReportReporter -->
<testsuite hostname="DESKTOP-L1CFLLS" failures="0" tests="3" name="parallelpack.parallelclass1" time="10.068" errors="0" timestamp="2025-08-22T17:53:26 IST" skipped="0">
  <testcase classname="parallelpack.parallelclass1" name="mul" time="5.026"/>
  <testcase classname="parallelpack.parallelclass1" name="add" time="2.023"/>
  <testcase classname="parallelpack.parallelclass1" name="divide" time="3.019"/>
</testsuite> <!-- parallelpack.parallelclass1 -->
