<?xml version="1.0" encoding="UTF-8"?>
<!-- Generated by org.testng.reporters.JUnitReportReporter -->
<testsuite hostname="DESKTOP-L1CFLLS" failures="0" tests="1" name="xpath.crossbowser" time="5.239" errors="0" timestamp="2025-08-04T10:53:59 IST" skipped="0">
  <testcase classname="xpath.crossbowser" name="titleafterlogin" time="5.239"/>
</testsuite> <!-- xpath.crossbowser -->
