<?xml version="1.0" encoding="UTF-8"?>
<!-- Generated by org.testng.reporters.JUnitReportReporter -->
<testsuite hostname="DESKTOP-L1CFLLS" failures="0" tests="1" name="AdvancedXpath.functional_contains" time="3.064" errors="0" timestamp="2025-08-03T12:12:58 IST" skipped="0">
  <testcase classname="AdvancedXpath.functional_contains" name="titleafterlogin" time="3.064"/>
</testsuite> <!-- AdvancedXpath.functional_contains -->
