<?xml version="1.0" encoding="UTF-8"?>
<!-- Generated by org.testng.reporters.JUnitReportReporter -->
<testsuite hostname="DESKTOP-L1CFLLS" failures="0" tests="18" name="groupingTestcase.class3" time="0.052" errors="0" timestamp="2025-08-01T18:23:17 IST" skipped="0">
  <testcase classname="groupingTestcase.class3" name="Testcase5class3" time="0.002"/>
  <testcase classname="groupingTestcase.class3" name="Testcase15class3" time="0.003"/>
  <testcase classname="groupingTestcase.class3" name="Testcase18class3" time="0.001"/>
  <testcase classname="groupingTestcase.class3" name="Testcase11class3" time="0.004"/>
  <testcase classname="groupingTestcase.class3" name="Testcase8class3" time="0.004"/>
  <testcase classname="groupingTestcase.class3" name="Testcase1class3" time="0.001"/>
  <testcase classname="groupingTestcase.class3" name="Testcase10class3" time="0.004"/>
  <testcase classname="groupingTestcase.class3" name="Testcase16class3" time="0.001"/>
  <testcase classname="groupingTestcase.class3" name="Testcase9class3" time="0.002"/>
  <testcase classname="groupingTestcase.class3" name="Testcase12class3" time="0.007"/>
  <testcase classname="groupingTestcase.class3" name="Testcase6class3" time="0.000"/>
  <testcase classname="groupingTestcase.class3" name="Testcase2class3" time="0.001"/>
  <testcase classname="groupingTestcase.class3" name="Testcase3class3" time="0.003"/>
  <testcase classname="groupingTestcase.class3" name="Testcase4class3" time="0.002"/>
  <testcase classname="groupingTestcase.class3" name="Testcase17class3" time="0.006"/>
  <testcase classname="groupingTestcase.class3" name="Testcase7class3" time="0.005"/>
  <testcase classname="groupingTestcase.class3" name="Testcase14class3" time="0.004"/>
  <testcase classname="groupingTestcase.class3" name="Testcase13class3" time="0.002"/>
</testsuite> <!-- groupingTestcase.class3 -->
