<?xml version="1.0" encoding="UTF-8"?>
<!-- Generated by org.testng.reporters.JUnitReportReporter -->
<testsuite hostname="DESKTOP-L1CFLLS" failures="0" tests="1" name="xpath.absoluteXpath" time="19.174" errors="0" timestamp="2025-08-12T17:23:19 IST" skipped="0">
  <testcase classname="xpath.absoluteXpath" name="titleafterlogin" time="19.174"/>
</testsuite> <!-- xpath.absoluteXpath -->
