<?xml version="1.0" encoding="UTF-8"?>
<!-- Generated by org.testng.reporters.JUnitReportReporter -->
<testsuite hostname="DESKTOP-L1CFLLS" failures="0" tests="1" name="waitconditions.implicitwait1" time="2.120" errors="0" timestamp="2025-08-06T11:58:51 IST" skipped="0">
  <testcase classname="waitconditions.implicitwait1" name="titleafterlogin" time="2.120"/>
</testsuite> <!-- waitconditions.implicitwait1 -->
