<?xml version="1.0" encoding="UTF-8"?>
<!-- Generated by org.testng.reporters.JUnitReportReporter -->
<testsuite hostname="DESKTOP-L1CFLLS" failures="0" tests="16" name="skipTestCase.skipusingcondition" time="0.076" errors="0" timestamp="2025-08-01T22:22:12 IST" skipped="0">
  <testcase classname="skipTestCase.skipusingcondition" name="agecal" time="0.014"/>
  <testcase classname="skipTestCase.skipusingcondition" name="to1" time="0.004"/>
  <testcase classname="skipTestCase.skipusingcondition" name="ch1" time="0.002"/>
  <testcase classname="skipTestCase.skipusingcondition" name="fr1" time="0.003"/>
  <testcase classname="skipTestCase.skipusingcondition" name="cr1" time="0.003"/>
  <testcase classname="skipTestCase.skipusingcondition" name="mo1" time="0.005"/>
  <testcase classname="skipTestCase.skipusingcondition" name="dg1" time="0.005"/>
  <testcase classname="skipTestCase.skipusingcondition" name="hrs" time="0.003"/>
  <testcase classname="skipTestCase.skipusingcondition" name="ln1" time="0.006"/>
  <testcase classname="skipTestCase.skipusingcondition" name="ca1" time="0.004"/>
  <testcase classname="skipTestCase.skipusingcondition" name="bk1" time="0.002"/>
  <testcase classname="skipTestCase.skipusingcondition" name="el1" time="0.007"/>
  <testcase classname="skipTestCase.skipusingcondition" name="jr1" time="0.003"/>
  <testcase classname="skipTestCase.skipusingcondition" name="be1" time="0.007"/>
  <testcase classname="skipTestCase.skipusingcondition" name="hm1" time="0.005"/>
  <testcase classname="skipTestCase.skipusingcondition" name="sh1" time="0.003"/>
</testsuite> <!-- skipTestCase.skipusingcondition -->
