<?xml version="1.0" encoding="UTF-8"?>
<!-- Generated by org.testng.reporters.JUnitReportReporter -->
<testsuite hostname="DESKTOP-L1CFLLS" failures="0" tests="1" name="xpath.followingsibling" time="29.323" errors="0" timestamp="2025-08-26T15:53:31 IST" skipped="0">
  <testcase classname="xpath.followingsibling" name="titleafterlogin" time="29.323"/>
</testsuite> <!-- xpath.followingsibling -->
