<?xml version="1.0" encoding="UTF-8"?>
<!-- Generated by org.testng.reporters.JUnitReportReporter -->
<testsuite hostname="DESKTOP-L1CFLLS" failures="0" tests="16" name="skipTestCase.skipusingEnablekey" time="0.094" errors="0" timestamp="2025-08-01T22:09:21 IST" skipped="1">
  <testcase classname="skipTestCase.skipusingEnablekey" name="dg1" time="0.003"/>
  <testcase classname="skipTestCase.skipusingEnablekey" name="to1" time="0.004"/>
  <testcase classname="skipTestCase.skipusingEnablekey" name="ch1" time="0.003"/>
  <testcase classname="skipTestCase.skipusingEnablekey" name="fr1" time="0.005"/>
  <testcase classname="skipTestCase.skipusingEnablekey" name="cr1" time="0.003"/>
  <testcase classname="skipTestCase.skipusingEnablekey" name="mo1" time="0.002"/>
  <testcase classname="skipTestCase.skipusingEnablekey" name="hrs" time="0.007"/>
  <testcase classname="skipTestCase.skipusingEnablekey" name="ltin1" time="0.006"/>
  <testcase classname="skipTestCase.skipusingEnablekey" name="ca1" time="0.001"/>
  <testcase classname="skipTestCase.skipusingEnablekey" name="be1" time="0.021"/>
  <testcase classname="skipTestCase.skipusingEnablekey" name="bk1" time="0.002"/>
  <testcase classname="skipTestCase.skipusingEnablekey" name="el1" time="0.008"/>
  <testcase classname="skipTestCase.skipusingEnablekey" name="jr1" time="0.004"/>
  <testcase classname="skipTestCase.skipusingEnablekey" name="hm1" time="0.004"/>
  <testcase classname="skipTestCase.skipusingEnablekey" name="sh1" time="0.021"/>
  <testcase classname="skipTestCase.skipusingEnablekey" name="ln1">
    <skipped/>
  </testcase> <!-- ln1 -->
</testsuite> <!-- skipTestCase.skipusingEnablekey -->
