<?xml version="1.0" encoding="UTF-8"?>
<!-- Generated by org.testng.reporters.JUnitReportReporter -->
<testsuite hostname="DESKTOP-L1CFLLS" failures="0" tests="4" name="failstestcases.animalClass3" time="0.022" errors="0" timestamp="2025-08-01T13:05:15 IST" skipped="0">
  <testcase classname="failstestcases.animalClass3" name="ln1" time="0.003"/>
  <testcase classname="failstestcases.animalClass3" name="to1" time="0.005"/>
  <testcase classname="failstestcases.animalClass3" name="hrs" time="0.012"/>
  <testcase classname="failstestcases.animalClass3" name="sh1" time="0.002"/>
</testsuite> <!-- failstestcases.animalClass3 -->
