<?xml version="1.0" encoding="UTF-8"?>
<!-- Generated by org.testng.reporters.JUnitReportReporter -->
<testsuite hostname="DESKTOP-L1CFLLS" failures="0" tests="1" name="readingexceldata.userpwdfromexcel" time="5.059" errors="0" timestamp="2025-08-15T18:13:12 IST" skipped="0">
  <testcase classname="readingexceldata.userpwdfromexcel" name="readfromexcel" time="5.059"/>
</testsuite> <!-- readingexceldata.userpwdfromexcel -->
