<?xml version="1.0" encoding="UTF-8"?>
<!-- Generated by org.testng.reporters.JUnitReportReporter -->
<testsuite hostname="DESKTOP-L1CFLLS" failures="0" tests="16" name="animalsPack.animalClass4" time="0.038" errors="0" timestamp="2025-08-01T13:07:33 IST" skipped="0">
  <testcase classname="animalsPack.animalClass4" name="to" time="0.001"/>
  <testcase classname="animalsPack.animalClass4" name="bk" time="0.001"/>
  <testcase classname="animalsPack.animalClass4" name="sh" time="0.005"/>
  <testcase classname="animalsPack.animalClass4" name="dg" time="0.003"/>
  <testcase classname="animalsPack.animalClass4" name="mo" time="0.002"/>
  <testcase classname="animalsPack.animalClass4" name="ch" time="0.002"/>
  <testcase classname="animalsPack.animalClass4" name="hrs" time="0.004"/>
  <testcase classname="animalsPack.animalClass4" name="jr" time="0.004"/>
  <testcase classname="animalsPack.animalClass4" name="el" time="0.002"/>
  <testcase classname="animalsPack.animalClass4" name="ca" time="0.003"/>
  <testcase classname="animalsPack.animalClass4" name="ltin" time="0.002"/>
  <testcase classname="animalsPack.animalClass4" name="ln" time="0.003"/>
  <testcase classname="animalsPack.animalClass4" name="hm" time="0.001"/>
  <testcase classname="animalsPack.animalClass4" name="be" time="0.001"/>
  <testcase classname="animalsPack.animalClass4" name="fr" time="0.003"/>
  <testcase classname="animalsPack.animalClass4" name="cr" time="0.001"/>
</testsuite> <!-- animalsPack.animalClass4 -->
