<?xml version="1.0" encoding="UTF-8"?>
<!-- Generated by org.testng.reporters.JUnitReportReporter -->
<testsuite hostname="DESKTOP-L1CFLLS" failures="0" tests="1" name="AdvancedXpath.functional_following" time="2.700" errors="0" timestamp="2025-08-03T13:09:47 IST" skipped="0">
  <testcase classname="AdvancedXpath.functional_following" name="titleafterlogin" time="2.700"/>
</testsuite> <!-- AdvancedXpath.functional_following -->
