<?xml version="1.0" encoding="UTF-8"?>
<!-- Generated by org.testng.reporters.JUnitReportReporter -->
<testsuite hostname="DESKTOP-L1CFLLS" failures="0" tests="1" name="xpath.following" time="6.404" errors="0" timestamp="2025-08-26T12:11:45 IST" skipped="0">
  <testcase classname="xpath.following" name="titleafterlogin" time="6.404"/>
</testsuite> <!-- xpath.following -->
