<?xml version="1.0" encoding="UTF-8"?>
<!-- Generated by org.testng.reporters.JUnitReportReporter -->
<testsuite hostname="DESKTOP-L1CFLLS" failures="0" tests="3" name="testNGpack.animalClass1" time="0.015" errors="0" timestamp="2025-07-31T13:02:45 IST" skipped="0">
  <testcase classname="testNGpack.animalClass1" name="ca" time="0.008"/>
  <testcase classname="testNGpack.animalClass1" name="hrs" time="0.004"/>
  <testcase classname="testNGpack.animalClass1" name="ln" time="0.003"/>
</testsuite> <!-- testNGpack.animalClass1 -->
