<?xml version="1.0" encoding="UTF-8"?>
<!-- Generated by org.testng.reporters.JUnitReportReporter -->
<testsuite hostname="DESKTOP-L1CFLLS" failures="0" tests="1" name="parameterise1.parameters" time="7.358" errors="0" timestamp="2025-08-04T12:08:08 IST" skipped="0">
  <testcase classname="parameterise1.parameters" name="chbrowser" time="7.358"/>
</testsuite> <!-- parameterise1.parameters -->
