<?xml version="1.0" encoding="UTF-8"?>
<!-- Generated by org.testng.reporters.JUnitReportReporter -->
<testsuite hostname="DESKTOP-L1CFLLS" failures="0" tests="1" name="JavaScripexecutor.javascriptenteringtext" time="5.652" errors="0" timestamp="2025-08-12T22:55:06 IST" skipped="0">
  <testcase classname="JavaScripexecutor.javascriptenteringtext" name="scrollbar" time="5.652"/>
</testsuite> <!-- JavaScripexecutor.javascriptenteringtext -->
