<?xml version="1.0" encoding="UTF-8"?>
<!-- Generated by org.testng.reporters.JUnitReportReporter -->
<testsuite hostname="DESKTOP-L1CFLLS" failures="0" tests="1" name="xpath.relativexpath" time="4.597" errors="0" timestamp="2025-08-02T18:53:13 IST" skipped="0">
  <testcase classname="xpath.relativexpath" name="titleafterlogin" time="4.597"/>
</testsuite> <!-- xpath.relativexpath -->
