<?xml version="1.0" encoding="UTF-8"?>
<!-- Generated by org.testng.reporters.JUnitReportReporter -->
<testsuite hostname="DESKTOP-L1CFLLS" failures="0" tests="2" name="failstestcases.animalClass4" time="0.010" errors="0" timestamp="2025-08-01T13:05:15 IST" skipped="0">
  <testcase classname="failstestcases.animalClass4" name="ln" time="0.006"/>
  <testcase classname="failstestcases.animalClass4" name="bk" time="0.004"/>
</testsuite> <!-- failstestcases.animalClass4 -->
