<?xml version="1.0" encoding="UTF-8"?>
<!-- Generated by org.testng.reporters.JUnitReportReporter -->
<testsuite hostname="DESKTOP-L1CFLLS" failures="0" tests="1" name="readingexceldata.writingintoexcel" time="1.261" errors="0" timestamp="2025-08-07T16:59:56 IST" skipped="0">
  <testcase classname="readingexceldata.writingintoexcel" name="readfromexcel" time="1.261"/>
</testsuite> <!-- readingexceldata.writingintoexcel -->
