<?xml version="1.0" encoding="UTF-8"?>
<!-- Generated by org.testng.reporters.JUnitReportReporter -->
<testsuite hostname="DESKTOP-L1CFLLS" failures="0" tests="1" name="xpath.ApplicationAnnotationXpath" time="4.799" errors="0" timestamp="2025-08-02T18:31:15 IST" skipped="0">
  <testcase classname="xpath.ApplicationAnnotationXpath" name="titleafterlogin" time="4.799"/>
</testsuite> <!-- xpath.ApplicationAnnotationXpath -->
