<?xml version="1.0" encoding="UTF-8"?>
<!-- Generated by org.testng.reporters.JUnitReportReporter -->
<testsuite hostname="DESKTOP-L1CFLLS" failures="0" tests="16" name="animalsPack.animalClass3" time="0.104" errors="0" timestamp="2025-08-01T13:07:33 IST" skipped="0">
  <testcase classname="animalsPack.animalClass3" name="ca1" time="0.007"/>
  <testcase classname="animalsPack.animalClass3" name="ln1" time="0.004"/>
  <testcase classname="animalsPack.animalClass3" name="ltin1" time="0.009"/>
  <testcase classname="animalsPack.animalClass3" name="be1" time="0.015"/>
  <testcase classname="animalsPack.animalClass3" name="fr1" time="0.002"/>
  <testcase classname="animalsPack.animalClass3" name="dg1" time="0.005"/>
  <testcase classname="animalsPack.animalClass3" name="ch1" time="0.027"/>
  <testcase classname="animalsPack.animalClass3" name="mo1" time="0.005"/>
  <testcase classname="animalsPack.animalClass3" name="bk1" time="0.005"/>
  <testcase classname="animalsPack.animalClass3" name="sh1" time="0.002"/>
  <testcase classname="animalsPack.animalClass3" name="jr1" time="0.001"/>
  <testcase classname="animalsPack.animalClass3" name="cr1" time="0.004"/>
  <testcase classname="animalsPack.animalClass3" name="el1" time="0.007"/>
  <testcase classname="animalsPack.animalClass3" name="hrs" time="0.002"/>
  <testcase classname="animalsPack.animalClass3" name="hm1" time="0.003"/>
  <testcase classname="animalsPack.animalClass3" name="to1" time="0.006"/>
</testsuite> <!-- animalsPack.animalClass3 -->
