<?xml version="1.0" encoding="UTF-8"?>
<!-- Generated by org.testng.reporters.JUnitReportReporter -->
<testsuite hostname="DESKTOP-L1CFLLS" failures="0" tests="12" name="priorityPack.prioritisingexorder" time="0.068" errors="0" timestamp="2025-08-01T13:37:32 IST" skipped="0">
  <testcase classname="priorityPack.prioritisingexorder" name="Rabbit" time="0.016"/>
  <testcase classname="priorityPack.prioritisingexorder" name="crocodile" time="0.004"/>
  <testcase classname="priorityPack.prioritisingexorder" name="donkey" time="0.004"/>
  <testcase classname="priorityPack.prioritisingexorder" name="run" time="0.002"/>
  <testcase classname="priorityPack.prioritisingexorder" name="Cat" time="0.003"/>
  <testcase classname="priorityPack.prioritisingexorder" name="rat" time="0.003"/>
  <testcase classname="priorityPack.prioritisingexorder" name="horse" time="0.002"/>
  <testcase classname="priorityPack.prioritisingexorder" name="Goat" time="0.002"/>
  <testcase classname="priorityPack.prioritisingexorder" name="Monkey" time="0.003"/>
  <testcase classname="priorityPack.prioritisingexorder" name="Duck" time="0.002"/>
  <testcase classname="priorityPack.prioritisingexorder" name="dog" time="0.020"/>
  <testcase classname="priorityPack.prioritisingexorder" name="pig" time="0.007"/>
</testsuite> <!-- priorityPack.prioritisingexorder -->
