<?xml version="1.0" encoding="UTF-8"?>
<!-- Generated by org.testng.reporters.JUnitReportReporter -->
<testsuite hostname="DESKTOP-L1CFLLS" failures="0" tests="16" name="testNGpack.animalClass2" time="0.127" errors="0" timestamp="2025-07-31T22:46:48 IST" skipped="0">
  <testcase classname="testNGpack.animalClass2" name="dg" time="0.005"/>
  <testcase classname="testNGpack.animalClass2" name="sh" time="0.020"/>
  <testcase classname="testNGpack.animalClass2" name="ch" time="0.003"/>
  <testcase classname="testNGpack.animalClass2" name="fr" time="0.002"/>
  <testcase classname="testNGpack.animalClass2" name="cr" time="0.004"/>
  <testcase classname="testNGpack.animalClass2" name="to" time="0.007"/>
  <testcase classname="testNGpack.animalClass2" name="ltin" time="0.003"/>
  <testcase classname="testNGpack.animalClass2" name="hrs" time="0.004"/>
  <testcase classname="testNGpack.animalClass2" name="ln" time="0.003"/>
  <testcase classname="testNGpack.animalClass2" name="ca" time="0.006"/>
  <testcase classname="testNGpack.animalClass2" name="be" time="0.030"/>
  <testcase classname="testNGpack.animalClass2" name="bk" time="0.003"/>
  <testcase classname="testNGpack.animalClass2" name="el" time="0.014"/>
  <testcase classname="testNGpack.animalClass2" name="jr" time="0.002"/>
  <testcase classname="testNGpack.animalClass2" name="hm" time="0.007"/>
  <testcase classname="testNGpack.animalClass2" name="mo" time="0.014"/>
</testsuite> <!-- testNGpack.animalClass2 -->
