<?xml version="1.0" encoding="UTF-8"?>
<!-- Generated by org.testng.reporters.JUnitReportReporter -->
<testsuite hostname="DESKTOP-L1CFLLS" failures="0" tests="2" name="failstestcases.animalClass5" time="0.015" errors="0" timestamp="2025-08-01T13:05:15 IST" skipped="0">
  <testcase classname="failstestcases.animalClass5" name="dg2" time="0.013"/>
  <testcase classname="failstestcases.animalClass5" name="hm2" time="0.002"/>
</testsuite> <!-- failstestcases.animalClass5 -->
