<?xml version="1.0" encoding="UTF-8"?>
<!-- Generated by org.testng.reporters.JUnitReportReporter -->
<testsuite hostname="DESKTOP-L1CFLLS" failures="0" tests="1" name="Anotationpack.ApplicationAnnotation" time="15.589" errors="0" timestamp="2025-08-01T19:28:40 IST" skipped="0">
  <testcase classname="Anotationpack.ApplicationAnnotation" name="titleafterlogin" time="15.589"/>
</testsuite> <!-- Anotationpack.ApplicationAnnotation -->
