<?xml version="1.0" encoding="UTF-8"?>
<!-- Generated by org.testng.reporters.JUnitReportReporter -->
<testsuite hostname="DESKTOP-L1CFLLS" failures="0" tests="1" name="readingexceldata.radingdatafromexcel" time="1.021" errors="0" timestamp="2025-08-07T12:55:59 IST" skipped="0">
  <testcase classname="readingexceldata.radingdatafromexcel" name="readfromexcel" time="1.021"/>
</testsuite> <!-- readingexceldata.radingdatafromexcel -->
