<?xml version="1.0" encoding="UTF-8"?>
<!-- Generated by org.testng.reporters.JUnitReportReporter -->
<testsuite hostname="DESKTOP-L1CFLLS" failures="0" tests="10" name="groupingTestcase.class1" time="0.046" errors="0" timestamp="2025-08-01T18:23:17 IST" skipped="0">
  <testcase classname="groupingTestcase.class1" name="Testcase8class1" time="0.004"/>
  <testcase classname="groupingTestcase.class1" name="Testcase7class1" time="0.002"/>
  <testcase classname="groupingTestcase.class1" name="Testcase5class1" time="0.004"/>
  <testcase classname="groupingTestcase.class1" name="Testcase1class1" time="0.008"/>
  <testcase classname="groupingTestcase.class1" name="Testcase4class1" time="0.004"/>
  <testcase classname="groupingTestcase.class1" name="Testcase9class1" time="0.006"/>
  <testcase classname="groupingTestcase.class1" name="Testcase10class1" time="0.003"/>
  <testcase classname="groupingTestcase.class1" name="Testcase6class1" time="0.005"/>
  <testcase classname="groupingTestcase.class1" name="Testcase2class1" time="0.005"/>
  <testcase classname="groupingTestcase.class1" name="Testcase3class1" time="0.005"/>
</testsuite> <!-- groupingTestcase.class1 -->
