<?xml version="1.0" encoding="UTF-8"?>
<!-- Generated by org.testng.reporters.JUnitReportReporter -->
<testsuite hostname="DESKTOP-L1CFLLS" failures="0" tests="1" name="xpath.xpathwithindex" time="8.808" errors="0" timestamp="2025-08-15T23:45:45 IST" skipped="0">
  <testcase classname="xpath.xpathwithindex" name="usingindex" time="8.808"/>
</testsuite> <!-- xpath.xpathwithindex -->
