<?xml version="1.0" encoding="UTF-8"?>
<!-- Generated by org.testng.reporters.JUnitReportReporter -->
<testsuite hostname="DESKTOP-L1CFLLS" failures="0" tests="1" name="Anotationpack.anotationImple" time="0.011" errors="0" timestamp="2025-08-01T19:14:09 IST" skipped="0">
  <testcase classname="Anotationpack.anotationImple" name="dt" time="0.011"/>
</testsuite> <!-- Anotationpack.anotationImple -->
