<?xml version="1.0" encoding="UTF-8"?>
<!-- Generated by org.testng.reporters.JUnitReportReporter -->
<testsuite hostname="DESKTOP-L1CFLLS" failures="0" tests="1" name="JavaScripexecutor.javascriptexc1" time="8.057" errors="0" timestamp="2025-08-05T18:57:40 IST" skipped="0">
  <testcase classname="JavaScripexecutor.javascriptexc1" name="scrollbar" time="8.057"/>
</testsuite> <!-- JavaScripexecutor.javascriptexc1 -->
