<?xml version="1.0" encoding="UTF-8"?>
<!-- Generated by org.testng.reporters.JUnitReportReporter -->
<testsuite hostname="DESKTOP-L1CFLLS" failures="0" tests="14" name="groupingTestcase.class2" time="0.056" errors="0" timestamp="2025-08-01T18:23:17 IST" skipped="0">
  <testcase classname="groupingTestcase.class2" name="Testcase5class2" time="0.005"/>
  <testcase classname="groupingTestcase.class2" name="Testcase6class2" time="0.004"/>
  <testcase classname="groupingTestcase.class2" name="Testcase14class2" time="0.003"/>
  <testcase classname="groupingTestcase.class2" name="Testcase1class2" time="0.002"/>
  <testcase classname="groupingTestcase.class2" name="Testcase7class2" time="0.005"/>
  <testcase classname="groupingTestcase.class2" name="Testcase10class2" time="0.010"/>
  <testcase classname="groupingTestcase.class2" name="Testcase4class2" time="0.002"/>
  <testcase classname="groupingTestcase.class2" name="Testcase13class2" time="0.002"/>
  <testcase classname="groupingTestcase.class2" name="Testcase9class2" time="0.002"/>
  <testcase classname="groupingTestcase.class2" name="Testcase12class2" time="0.003"/>
  <testcase classname="groupingTestcase.class2" name="Testcase11class2" time="0.002"/>
  <testcase classname="groupingTestcase.class2" name="Testcase2class2" time="0.006"/>
  <testcase classname="groupingTestcase.class2" name="Testcase3class2" time="0.004"/>
  <testcase classname="groupingTestcase.class2" name="Testcase8class2" time="0.006"/>
</testsuite> <!-- groupingTestcase.class2 -->
