<?xml version="1.0" encoding="UTF-8"?>
<!-- Generated by org.testng.reporters.JUnitReportReporter -->
<testsuite hostname="DESKTOP-L1CFLLS" failures="0" tests="1" name="xpath.cssselector" time="5.699" errors="0" timestamp="2025-08-26T17:13:14 IST" skipped="0">
  <testcase classname="xpath.cssselector" name="titleafterlogin" time="5.699"/>
</testsuite> <!-- xpath.cssselector -->
