<?xml version="1.0" encoding="UTF-8"?>
<!-- Generated by org.testng.reporters.JUnitReportReporter -->
<testsuite hostname="DESKTOP-L1CFLLS" failures="0" tests="12" name="priorityPack.animalsmeth_ex_order" time="0.086" errors="0" timestamp="2025-08-01T13:24:52 IST" skipped="0">
  <testcase classname="priorityPack.animalsmeth_ex_order" name="Duck" time="0.002"/>
  <testcase classname="priorityPack.animalsmeth_ex_order" name="Cat" time="0.011"/>
  <testcase classname="priorityPack.animalsmeth_ex_order" name="rat" time="0.005"/>
  <testcase classname="priorityPack.animalsmeth_ex_order" name="run" time="0.004"/>
  <testcase classname="priorityPack.animalsmeth_ex_order" name="crocodile" time="0.020"/>
  <testcase classname="priorityPack.animalsmeth_ex_order" name="dog" time="0.008"/>
  <testcase classname="priorityPack.animalsmeth_ex_order" name="Goat" time="0.004"/>
  <testcase classname="priorityPack.animalsmeth_ex_order" name="horse" time="0.006"/>
  <testcase classname="priorityPack.animalsmeth_ex_order" name="pig" time="0.001"/>
  <testcase classname="priorityPack.animalsmeth_ex_order" name="Monkey" time="0.014"/>
  <testcase classname="priorityPack.animalsmeth_ex_order" name="donkey" time="0.006"/>
  <testcase classname="priorityPack.animalsmeth_ex_order" name="Rabbit" time="0.005"/>
</testsuite> <!-- priorityPack.animalsmeth_ex_order -->
