<?xml version="1.0" encoding="UTF-8"?>
<!-- Generated by org.testng.reporters.JUnitReportReporter -->
<testsuite hostname="DESKTOP-L1CFLLS" failures="0" tests="9" name="testNGpack.Class1testng" time="0.089" errors="0" timestamp="2025-07-31T12:30:03 IST" skipped="0">
  <testcase classname="testNGpack.Class1testng" name="Testcase3" time="0.008"/>
  <testcase classname="testNGpack.Class1testng" name="Testcase4" time="0.010"/>
  <testcase classname="testNGpack.Class1testng" name="Testcase5" time="0.025"/>
  <testcase classname="testNGpack.Class1testng" name="Testcase8" time="0.005"/>
  <testcase classname="testNGpack.Class1testng" name="Testcase7" time="0.014"/>
  <testcase classname="testNGpack.Class1testng" name="Testcase6" time="0.007"/>
  <testcase classname="testNGpack.Class1testng" name="Testcase1" time="0.013"/>
  <testcase classname="testNGpack.Class1testng" name="Testcase9" time="0.006"/>
  <testcase classname="testNGpack.Class1testng" name="Testcase2" time="0.001"/>
</testsuite> <!-- testNGpack.Class1testng -->
