<?xml version="1.0" encoding="UTF-8"?>
<!-- Generated by org.testng.reporters.JUnitReportReporter -->
<testsuite hostname="DESKTOP-L1CFLLS" failures="0" tests="1" name="Screenshots.screenshots" time="3.399" errors="0" timestamp="2025-08-14T22:07:52 IST" skipped="0">
  <testcase classname="Screenshots.screenshots" name="titleafterlogin" time="3.399"/>
</testsuite> <!-- Screenshots.screenshots -->
