<?xml version="1.0" encoding="UTF-8"?>
<!-- Generated by org.testng.reporters.JUnitReportReporter -->
<testsuite hostname="DESKTOP-L1CFLLS" failures="0" tests="16" name="animalsPack.animalClass5" time="0.046" errors="0" timestamp="2025-08-01T13:07:33 IST" skipped="0">
  <testcase classname="animalsPack.animalClass5" name="sh2" time="0.005"/>
  <testcase classname="animalsPack.animalClass5" name="el2" time="0.001"/>
  <testcase classname="animalsPack.animalClass5" name="hrs2" time="0.003"/>
  <testcase classname="animalsPack.animalClass5" name="ca2" time="0.002"/>
  <testcase classname="animalsPack.animalClass5" name="jr2" time="0.003"/>
  <testcase classname="animalsPack.animalClass5" name="bk2" time="0.002"/>
  <testcase classname="animalsPack.animalClass5" name="fr2" time="0.003"/>
  <testcase classname="animalsPack.animalClass5" name="to2" time="0.001"/>
  <testcase classname="animalsPack.animalClass5" name="ch2" time="0.001"/>
  <testcase classname="animalsPack.animalClass5" name="ln2" time="0.002"/>
  <testcase classname="animalsPack.animalClass5" name="ltin2" time="0.007"/>
  <testcase classname="animalsPack.animalClass5" name="mo2" time="0.002"/>
  <testcase classname="animalsPack.animalClass5" name="hm2" time="0.004"/>
  <testcase classname="animalsPack.animalClass5" name="be2" time="0.001"/>
  <testcase classname="animalsPack.animalClass5" name="dg2" time="0.002"/>
  <testcase classname="animalsPack.animalClass5" name="cr2" time="0.007"/>
</testsuite> <!-- animalsPack.animalClass5 -->
